skatexmath/build/intermediates/manifest_merge_blame_file/debug/manifest-merger-blame-debug-report.txt
1<?xml version="1.0" encoding="utf-8"?>
2<manifest xmlns:android="http://schemas.android.com/apk/res/android"
3    package="shakiba.enur.skatexmath.android" >
4
5    <uses-sdk
6        android:minSdkVersion="16"
6-->src/main/AndroidManifest.xml
7        android:targetSdkVersion="32" />
7-->src/main/AndroidManifest.xml
8
9    <application>
9-->src/main/AndroidManifest.xml:4:5-11:19
10        <provider
10-->src/main/AndroidManifest.xml:6:9-9:40
11            android:name="shakiba.enur.skatexmath.SKatexMathInitProvider"
11-->src/main/AndroidManifest.xml:7:13-74
12            android:authorities="${applicationId}.jlatexmathinitprovider"
12-->src/main/AndroidManifest.xml:8:13-74
13            android:exported="false" />
13-->src/main/AndroidManifest.xml:9:13-37
14    </application>
15
16</manifest>